<?xml version="1.0" encoding="UTF-8"?>
<testng-results ignored="0" total="1" passed="1" failed="0" skipped="0">
  <reporter-output>
  </reporter-output>
  <suite started-at="2024-08-30T14:29:01 IST" name="Suite" finished-at="2024-08-30T14:29:24 IST" duration-ms="22804">
    <groups>
    </groups>
    <test started-at="2024-08-30T14:29:01 IST" name="Test" finished-at="2024-08-30T14:29:24 IST" duration-ms="22804">
      <class name="tests.StandaloneTest">
        <test-method is-config="true" signature="Start()[pri:0, instance:tests.StandaloneTest@909217e]" started-at="2024-08-30T14:29:01 IST" name="Start" finished-at="2024-08-30T14:29:08 IST" duration-ms="6462" status="PASS">
          <reporter-output>
          </reporter-output>
        </test-method> <!-- Start -->
        <test-method signature="StandAlone_Test()[pri:0, instance:tests.StandaloneTest@909217e]" started-at="2024-08-30T14:29:08 IST" name="StandAlone_Test" finished-at="2024-08-30T14:29:24 IST" duration-ms="16249" status="PASS">
          <reporter-output>
          </reporter-output>
        </test-method> <!-- StandAlone_Test -->
        <test-method is-config="true" signature="browserClose()[pri:0, instance:tests.StandaloneTest@909217e]" started-at="2024-08-30T14:29:24 IST" name="browserClose" finished-at="2024-08-30T14:29:24 IST" duration-ms="46" status="PASS">
          <reporter-output>
          </reporter-output>
        </test-method> <!-- browserClose -->
      </class> <!-- tests.StandaloneTest -->
    </test> <!-- Test -->
  </suite> <!-- Suite -->
</testng-results>
